0 info it worked if it ends with ok
1 verbose cli [ 'C:\\Program Files\\nodejs\\node.exe',
1 verbose cli   'C:\\Program Files\\nodejs\\node_modules\\npm\\bin\\npm-cli.js',
1 verbose cli   'unpublish',
1 verbose cli   'hax-lib-node',
1 verbose cli   '--force' ]
2 info using npm@3.10.8
3 info using node@v6.9.1
4 warn using --force I sure hope you know what you are doing.
5 silly unpublish args[0] hax-lib-node
6 silly unpublish thing Result {
6 silly unpublish   raw: 'hax-lib-node',
6 silly unpublish   scope: null,
6 silly unpublish   escapedName: 'hax-lib-node',
6 silly unpublish   name: 'hax-lib-node',
6 silly unpublish   rawSpec: '',
6 silly unpublish   spec: 'latest',
6 silly unpublish   type: 'tag' }
7 verbose getPublishConfig null
8 silly ls normalized hax-lib-node
9 silly gentlyRm C:\Users\sutter\AppData\Roaming\npm-cache\hax-lib-node is being purged
10 verbose gentlyRm don't care about contents; nuking C:\Users\sutter\AppData\Roaming\npm-cache\hax-lib-node
11 silly vacuum-fs purging C:\Users\sutter\AppData\Roaming\npm-cache\hax-lib-node
12 silly vacuum-fs quitting because other entries in C:\Users\sutter\AppData\Roaming\npm-cache
13 silly mapToRegistry name hax-lib-node
14 silly mapToRegistry using default registry
15 silly mapToRegistry registry https://registry.npmjs.org/
16 silly mapToRegistry data Result {
16 silly mapToRegistry   raw: 'hax-lib-node',
16 silly mapToRegistry   scope: null,
16 silly mapToRegistry   escapedName: 'hax-lib-node',
16 silly mapToRegistry   name: 'hax-lib-node',
16 silly mapToRegistry   rawSpec: '',
16 silly mapToRegistry   spec: 'latest',
16 silly mapToRegistry   type: 'tag' }
17 silly mapToRegistry uri https://registry.npmjs.org/hax-lib-node
18 verbose get GET as part of write; not caching result
19 verbose request uri https://registry.npmjs.org/hax-lib-node?write=true
20 verbose request no auth needed
21 info attempt registry request try #1 at 9:24:08 PM
22 verbose request using bearer token for auth
23 verbose request id a409cc8d1f9a8f0b
24 http request GET https://registry.npmjs.org/hax-lib-node?write=true
25 http 200 https://registry.npmjs.org/hax-lib-node?write=true
26 verbose headers { server: 'CouchDB/1.6.1 (Erlang OTP/R16B03)',
26 verbose headers   'content-type': 'application/json',
26 verbose headers   etag: '"583527d3-641"',
26 verbose headers   'content-encoding': 'gzip',
26 verbose headers   'cache-control': 'max-age=0',
26 verbose headers   'transfer-encoding': 'chunked',
26 verbose headers   'accept-ranges': 'bytes',
26 verbose headers   date: 'Wed, 23 Nov 2016 05:24:10 GMT',
26 verbose headers   via: '1.1 varnish',
26 verbose headers   connection: 'keep-alive',
26 verbose headers   'x-served-by': 'cache-sjc3125-SJC',
26 verbose headers   'x-cache': 'MISS',
26 verbose headers   'x-cache-hits': '0',
26 verbose headers   'x-timer': 'S1479878650.022683,VS0,VE145',
26 verbose headers   vary: 'Accept-Encoding' }
27 silly get cb [ 200,
27 silly get   { server: 'CouchDB/1.6.1 (Erlang OTP/R16B03)',
27 silly get     'content-type': 'application/json',
27 silly get     etag: '"583527d3-641"',
27 silly get     'content-encoding': 'gzip',
27 silly get     'cache-control': 'max-age=0',
27 silly get     'transfer-encoding': 'chunked',
27 silly get     'accept-ranges': 'bytes',
27 silly get     date: 'Wed, 23 Nov 2016 05:24:10 GMT',
27 silly get     via: '1.1 varnish',
27 silly get     connection: 'keep-alive',
27 silly get     'x-served-by': 'cache-sjc3125-SJC',
27 silly get     'x-cache': 'MISS',
27 silly get     'x-cache-hits': '0',
27 silly get     'x-timer': 'S1479878650.022683,VS0,VE145',
27 silly get     vary: 'Accept-Encoding' } ]
28 verbose get saving hax-lib-node to C:\Users\sutter\AppData\Roaming\npm-cache\registry.npmjs.org\hax-lib-node_3Fwrite_3Dtrue\.cache.json
29 verbose correctMkdir C:\Users\sutter\AppData\Roaming\npm-cache correctMkdir not in flight; initializing
30 info unpublish No version specified, removing all
31 verbose request uri https://registry.npmjs.org/hax-lib-node/-rev/2-3b7655e31e4931524baddbed036f06fa
32 verbose request sending authorization for write operation
33 info attempt registry request try #1 at 9:24:08 PM
34 verbose request using bearer token for auth
35 http request DELETE https://registry.npmjs.org/hax-lib-node/-rev/2-3b7655e31e4931524baddbed036f06fa
36 http 400 https://registry.npmjs.org/hax-lib-node/-rev/2-3b7655e31e4931524baddbed036f06fa
37 verbose headers { 'content-type': 'application/json',
37 verbose headers   'cache-control': 'max-age=300',
37 verbose headers   'content-length': '17',
37 verbose headers   'accept-ranges': 'bytes',
37 verbose headers   date: 'Wed, 23 Nov 2016 05:24:10 GMT',
37 verbose headers   via: '1.1 varnish',
37 verbose headers   connection: 'keep-alive',
37 verbose headers   'x-served-by': 'cache-sjc3125-SJC',
37 verbose headers   'x-cache': 'MISS',
37 verbose headers   'x-cache-hits': '0',
37 verbose headers   'x-timer': 'S1479878650.234267,VS0,VE119',
37 verbose headers   vary: 'Accept-Encoding' }
38 verbose request invalidating C:\Users\sutter\AppData\Roaming\npm-cache\registry.npmjs.org\hax-lib-node on DELETE
39 verbose stack Error: Registry returned 400 for DELETE on https://registry.npmjs.org/hax-lib-node/-rev/2-3b7655e31e4931524baddbed036f06fa
39 verbose stack     at makeError (C:\Program Files\nodejs\node_modules\npm\node_modules\npm-registry-client\lib\request.js:302:12)
39 verbose stack     at CachingRegistryClient.<anonymous> (C:\Program Files\nodejs\node_modules\npm\node_modules\npm-registry-client\lib\request.js:280:14)
39 verbose stack     at Request._callback (C:\Program Files\nodejs\node_modules\npm\node_modules\npm-registry-client\lib\request.js:210:14)
39 verbose stack     at Request.self.callback (C:\Program Files\nodejs\node_modules\npm\node_modules\request\request.js:187:22)
39 verbose stack     at emitTwo (events.js:106:13)
39 verbose stack     at Request.emit (events.js:191:7)
39 verbose stack     at Request.<anonymous> (C:\Program Files\nodejs\node_modules\npm\node_modules\request\request.js:1044:10)
39 verbose stack     at emitOne (events.js:96:13)
39 verbose stack     at Request.emit (events.js:188:7)
39 verbose stack     at IncomingMessage.<anonymous> (C:\Program Files\nodejs\node_modules\npm\node_modules\request\request.js:965:12)
40 verbose statusCode 400
41 verbose pkgid hax-lib-node
42 verbose cwd C:\dev\intransix\Hax\deploy\master\npm
43 error Windows_NT 6.1.7601
44 error argv "C:\\Program Files\\nodejs\\node.exe" "C:\\Program Files\\nodejs\\node_modules\\npm\\bin\\npm-cli.js" "unpublish" "hax-lib-node" "--force"
45 error node v6.9.1
46 error npm  v3.10.8
47 error code E400
48 error Registry returned 400 for DELETE on https://registry.npmjs.org/hax-lib-node/-rev/2-3b7655e31e4931524baddbed036f06fa
49 error If you need help, you may report this error at:
49 error     <https://github.com/npm/npm/issues>
50 verbose exit [ 1, true ]
